#
# There is insufficient memory for the Java Runtime Environment to continue.
# Native memory allocation (mmap) failed to map 130023424 bytes for G1 virtual space
# Possible reasons:
#   The system is out of physical RAM or swap space
#   The process is running with CompressedOops enabled, and the Java Heap may be blocking the growth of the native heap
# Possible solutions:
#   Reduce memory load on the system
#   Increase physical memory or swap space
#   Check if swap backing store is full
#   Decrease Java heap size (-Xmx/-Xms)
#   Decrease number of Java threads
#   Decrease Java thread stack sizes (-Xss)
#   Set larger code cache with -XX:ReservedCodeCacheSize=
#   JVM is running with Unscaled Compressed Oops mode in which the Java heap is
#     placed in the first 4GB address space. The Java Heap base address is the
#     maximum limit for the native heap growth. Please use -XX:HeapBaseMinAddress
#     to set the Java Heap base and to place the Java Heap above 4GB virtual address.
# This output file may be truncated or incomplete.
#
#  Out of Memory Error (os_windows.cpp:3466), pid=19636, tid=6488
#
# JRE version:  (16.0.2+7) (build )
# Java VM: Java HotSpot(TM) 64-Bit Server VM (16.0.2+7-67, mixed mode, sharing, tiered, compressed oops, compressed class ptrs, g1 gc, windows-amd64)
# No core dump will be written. Minidumps are not enabled by default on client versions of Windows
#

---------------  S U M M A R Y ------------

Command Line: -javaagent:C:\Program Files\JetBrains\IntelliJ IDEA 2021.3.2\lib\idea_rt.jar=62637:C:\Program Files\JetBrains\IntelliJ IDEA 2021.3.2\bin -Dfile.encoding=UTF-8 divide

Host: 11th Gen Intel(R) Core(TM) i5-1135G7 @ 2.40GHz, 8 cores, 7G,  Windows 10 , 64 bit Build 22000 (10.0.22000.434)
Time: Fri Mar 18 23:46:56 2022  Windows 10 , 64 bit Build 22000 (10.0.22000.434) elapsed time: 0.019365 seconds (0d 0h 0m 0s)

---------------  T H R E A D  ---------------

Current thread (0x0000022532a8cb60):  JavaThread "Unknown thread" [_thread_in_vm, id=6488, stack(0x000000bbec800000,0x000000bbec900000)]

Stack: [0x000000bbec800000,0x000000bbec900000]
Native frames: (J=compiled Java code, j=interpreted, Vv=VM code, C=native code)
V  [jvm.dll+0x6681ca]
V  [jvm.dll+0x7c9e69]
V  [jvm.dll+0x7cb61e]
V  [jvm.dll+0x7cbc73]
V  [jvm.dll+0x242c55]
V  [jvm.dll+0x664f89]
V  [jvm.dll+0x659b75]
V  [jvm.dll+0x2fbfbb]
V  [jvm.dll+0x3031b6]
V  [jvm.dll+0x35299e]
V  [jvm.dll+0x352bcf]
V  [jvm.dll+0x2d3028]
V  [jvm.dll+0x2d4264]
V  [jvm.dll+0x79c741]
V  [jvm.dll+0x360791]
V  [jvm.dll+0x77a3f0]
V  [jvm.dll+0x3e4e8f]
V  [jvm.dll+0x3e6961]
C  [jli.dll+0x52fb]
C  [ucrtbase.dll+0x26c0c]
C  [KERNEL32.DLL+0x154e0]
C  [ntdll.dll+0x485b]


---------------  P R O C E S S  ---------------

Threads class SMR info:
_java_thread_list=0x00007ff84cf6cbb8, length=0, elements={
}

Java Threads: ( => current thread )

Other Threads:
  0x0000022532acb760 GCTaskThread "GC Thread#0" [stack: 0x000000bbec900000,0x000000bbeca00000] [id=12424]
  0x0000022532adceb0 ConcurrentGCThread "G1 Main Marker" [stack: 0x000000bbeca00000,0x000000bbecb00000] [id=10512]
  0x0000022532ade040 ConcurrentGCThread "G1 Conc#0" [stack: 0x000000bbecb00000,0x000000bbecc00000] [id=11876]

[error occurred during error reporting (printing all threads), id 0xc0000005, EXCEPTION_ACCESS_VIOLATION (0xc0000005) at pc=0x00007ff84c743ee7]

VM state: not at safepoint (not fully initialized)

VM Mutex/Monitor currently owned by a thread:  ([mutex/lock_event])
[0x0000022532a88cb0] Heap_lock - owner thread: 0x0000022532a8cb60

Heap address: 0x0000000084800000, size: 1976 MB, Compressed Oops mode: 32-bit

CDS archive(s) mapped at: [0x0000000000000000-0x0000000000000000-0x0000000000000000), size 0, SharedBaseAddress: 0x0000000800000000, ArchiveRelocationMode: 0.
Narrow klass base: 0x0000000000000000, Narrow klass shift: 0, Narrow klass range: 0x0

GC Precious Log:
<Empty>

Heap:
 garbage-first heap   total 0K, used 0K [0x0000000084800000, 0x0000000100000000)
  region size 1024K, 0 young (0K), 0 survivors (0K)

[error occurred during error reporting (printing heap information), id 0xc0000005, EXCEPTION_ACCESS_VIOLATION (0xc0000005) at pc=0x00007ff84cb21eed]

GC Heap History (0 events):
No events

Deoptimization events (0 events):
No events

Classes unloaded (0 events):
No events

Classes redefined (0 events):
No events

Internal exceptions (0 events):
No events

Events (1 events):
Event: 0.012 Loaded shared library C:\Program Files\Java\bin\java.dll


Dynamic libraries:
0x00007ff7b17d0000 - 0x00007ff7b17e0000 	C:\Program Files\Java\bin\java.exe
0x00007ff89be20000 - 0x00007ff89c029000 	C:\WINDOWS\SYSTEM32\ntdll.dll
0x00007ff899cc0000 - 0x00007ff899d7d000 	C:\WINDOWS\System32\KERNEL32.DLL
0x00007ff8996f0000 - 0x00007ff899a64000 	C:\WINDOWS\System32\KERNELBASE.dll
0x00007ff899430000 - 0x00007ff899541000 	C:\WINDOWS\System32\ucrtbase.dll
0x00007ff883f90000 - 0x00007ff883fa9000 	C:\Program Files\Java\bin\VCRUNTIME140.dll
0x00007ff883e20000 - 0x00007ff883e38000 	C:\Program Files\Java\bin\jli.dll
0x00007ff899f10000 - 0x00007ff899fbe000 	C:\WINDOWS\System32\ADVAPI32.dll
0x00007ff89bd30000 - 0x00007ff89bdd3000 	C:\WINDOWS\System32\msvcrt.dll
0x00007ff89a340000 - 0x00007ff89a3de000 	C:\WINDOWS\System32\sechost.dll
0x00007ff89bba0000 - 0x00007ff89bcc0000 	C:\WINDOWS\System32\RPCRT4.dll
0x00007ff89a030000 - 0x00007ff89a1dc000 	C:\WINDOWS\System32\USER32.dll
0x00007ff8996c0000 - 0x00007ff8996e6000 	C:\WINDOWS\System32\win32u.dll
0x00007ff87ba60000 - 0x00007ff87bd05000 	C:\WINDOWS\WinSxS\amd64_microsoft.windows.common-controls_6595b64144ccf1df_6.0.22000.120_none_9d947278b86cc467\COMCTL32.dll
0x00007ff899fc0000 - 0x00007ff899fe9000 	C:\WINDOWS\System32\GDI32.dll
0x00007ff899310000 - 0x00007ff899422000 	C:\WINDOWS\System32\gdi32full.dll
0x00007ff899ba0000 - 0x00007ff899c3d000 	C:\WINDOWS\System32\msvcp_win.dll
0x00007ff88b7f0000 - 0x00007ff88b7fa000 	C:\WINDOWS\SYSTEM32\VERSION.dll
0x00007ff89a3e0000 - 0x00007ff89a411000 	C:\WINDOWS\System32\IMM32.DLL
0x00007ff891080000 - 0x00007ff89108c000 	C:\Program Files\Java\bin\vcruntime140_1.dll
0x00007ff865280000 - 0x00007ff865311000 	C:\Program Files\Java\bin\msvcp140.dll
0x00007ff84c460000 - 0x00007ff84d00b000 	C:\Program Files\Java\bin\server\jvm.dll
0x00007ff89a9e0000 - 0x00007ff89a9e8000 	C:\WINDOWS\System32\PSAPI.DLL
0x00007ff883fe0000 - 0x00007ff883fe9000 	C:\WINDOWS\SYSTEM32\WSOCK32.dll
0x00007ff89a1e0000 - 0x00007ff89a24f000 	C:\WINDOWS\System32\WS2_32.dll
0x00007ff893100000 - 0x00007ff893133000 	C:\WINDOWS\SYSTEM32\WINMM.dll
0x00007ff898500000 - 0x00007ff898518000 	C:\WINDOWS\SYSTEM32\kernel.appcore.dll
0x00007ff88d5a0000 - 0x00007ff88d5aa000 	C:\Program Files\Java\bin\jimage.dll
0x00007ff896c70000 - 0x00007ff896e91000 	C:\WINDOWS\SYSTEM32\DBGHELP.DLL
0x00007ff893090000 - 0x00007ff8930c1000 	C:\WINDOWS\SYSTEM32\dbgcore.DLL
0x00007ff899c40000 - 0x00007ff899cbf000 	C:\WINDOWS\System32\bcryptPrimitives.dll
0x00007ff8887c0000 - 0x00007ff8887ce000 	C:\Program Files\Java\bin\instrument.dll
0x00007ff883cd0000 - 0x00007ff883cf5000 	C:\Program Files\Java\bin\java.dll

dbghelp: loaded successfully - version: 4.0.5 - missing functions: none
symbol engine: initialized successfully - sym options: 0x614 - pdb path: .;C:\Program Files\Java\bin;C:\WINDOWS\SYSTEM32;C:\WINDOWS\WinSxS\amd64_microsoft.windows.common-controls_6595b64144ccf1df_6.0.22000.120_none_9d947278b86cc467;C:\Program Files\Java\bin\server

VM Arguments:
jvm_args: -javaagent:C:\Program Files\JetBrains\IntelliJ IDEA 2021.3.2\lib\idea_rt.jar=62637:C:\Program Files\JetBrains\IntelliJ IDEA 2021.3.2\bin -Dfile.encoding=UTF-8 
java_command: divide
java_class_path (initial): C:\Users\kongb\IdeaProjects\ca-2\out\production\ca-2
Launcher Type: SUN_STANDARD

[Global flags]
     intx CICompilerCount                          = 4                                         {product} {ergonomic}
     uint ConcGCThreads                            = 2                                         {product} {ergonomic}
     uint G1ConcRefinementThreads                  = 8                                         {product} {ergonomic}
   size_t G1HeapRegionSize                         = 1048576                                   {product} {ergonomic}
    uintx GCDrainStackTargetSize                   = 64                                        {product} {ergonomic}
   size_t InitialHeapSize                          = 130023424                                 {product} {ergonomic}
   size_t MarkStackSize                            = 4194304                                   {product} {ergonomic}
   size_t MaxHeapSize                              = 2071986176                                {product} {ergonomic}
   size_t MinHeapDeltaBytes                        = 1048576                                   {product} {ergonomic}
   size_t MinHeapSize                              = 8388608                                   {product} {ergonomic}
    uintx NonNMethodCodeHeapSize                   = 5839372                                {pd product} {ergonomic}
    uintx NonProfiledCodeHeapSize                  = 122909434                              {pd product} {ergonomic}
    uintx ProfiledCodeHeapSize                     = 122909434                              {pd product} {ergonomic}
    uintx ReservedCodeCacheSize                    = 251658240                              {pd product} {ergonomic}
     bool SegmentedCodeCache                       = true                                      {product} {ergonomic}
   size_t SoftMaxHeapSize                          = 2071986176                             {manageable} {ergonomic}
     bool UseCompressedClassPointers               = true                           {product lp64_product} {ergonomic}
     bool UseCompressedOops                        = true                           {product lp64_product} {ergonomic}
     bool UseG1GC                                  = true                                      {product} {ergonomic}
     bool UseLargePagesIndividualAllocation        = false                                  {pd product} {ergonomic}

Logging:
Log output configuration:
 #0: stdout all=warning uptime,level,tags
 #1: stderr all=off uptime,level,tags

Environment Variables:
JAVA_HOME=C:\Users\kongb\Downloads
PATH=C:\Program Files\Common Files\Oracle\Java\javapath;C:\WINDOWS\system32;C:\WINDOWS;C:\WINDOWS\System32\Wbem;C:\WINDOWS\System32\WindowsPowerShell\v1.0\;C:\WINDOWS\System32\OpenSSH\;C:\Users\kongb\Downloads\bin\;C:\Program Files\MATLAB\R2022a\bin;C:\Program Files\Git\cmd;C:\Ruby31-x64\bin;C:\Users\kongb\AppData\Local\Microsoft\WindowsApps;;C:\Users\kongb\AppData\Local\afreeca;C:\Program Files\JetBrains\IntelliJ IDEA 2021.3.2\bin;;C:\Users\kongb\AppData\Local\Programs\Microsoft VS Code\bin
USERNAME=kongb
OS=Windows_NT
PROCESSOR_IDENTIFIER=Intel64 Family 6 Model 140 Stepping 1, GenuineIntel



---------------  S Y S T E M  ---------------

OS:
 Windows 10 , 64 bit Build 22000 (10.0.22000.434)
OS uptime: 1 days 6:30 hours

CPU: total 8 (initial active 8) (4 cores per cpu, 2 threads per core) family 6 model 140 stepping 1 microcode 0x8a, cx8, cmov, fxsr, ht, mmx, 3dnowpref, sse, sse2, sse3, ssse3, sse4.1, sse4.2, popcnt, lzcnt, tsc, tscinvbit, avx, avx2, aes, erms, clmul, bmi1, bmi2, adx, avx512f, avx512dq, avx512cd, avx512bw, avx512vl, sha, fma, vzeroupper, avx512_vpopcntdq, avx512_vpclmulqdq, avx512_vaes, avx512_vnni, clflush, clflushopt, clwb, avx512_vmbi2, avx512_vmbi

Memory: 4k page, system-wide physical 7900M (2016M free)
TotalPageFile size 9783M (AvailPageFile size 7M)
current process WorkingSet (physical memory assigned to process): 10M, peak: 10M
current process commit charge ("private bytes"): 60M, peak: 183M

vm_info: Java HotSpot(TM) 64-Bit Server VM (16.0.2+7-67) for windows-amd64 JRE (16.0.2+7-67), built on Jun  8 2021 23:24:19 by "mach5one" with MS VC++ 16.7 (VS2019)

END.
